micro/app/build/outputs/logs/manifest-merger-debug-report.txt
-- Merging decision tree log ---
manifest
ADDED from src/main/AndroidManifest.xml:2:1-54:12
	xmlns:android
		ADDED from src/main/AndroidManifest.xml:2:11-69
	package
		ADDED from src/main/AndroidManifest.xml:3:5-41
		INJECTED from src/main/AndroidManifest.xml
		INJECTED from src/main/AndroidManifest.xml
	android:versionName
		INJECTED from src/main/AndroidManifest.xml
		INJECTED from src/main/AndroidManifest.xml
	android:versionCode
		INJECTED from src/main/AndroidManifest.xml
		INJECTED from src/main/AndroidManifest.xml
uses-permission#android.permission.GET_ACCOUNTS
ADDED from src/main/AndroidManifest.xml:6:5-71
	android:name
		ADDED from src/main/AndroidManifest.xml:6:22-68
uses-permission#android.permission.READ_PROFILE
ADDED from src/main/AndroidManifest.xml:7:5-71
	android:name
		ADDED from src/main/AndroidManifest.xml:7:22-68
uses-permission#android.permission.READ_CONTACTS
ADDED from src/main/AndroidManifest.xml:8:5-72
	android:name
		ADDED from src/main/AndroidManifest.xml:8:22-69
application
ADDED from src/main/AndroidManifest.xml:10:5-52:19
MERGED from [com.google.android.gms:play-services-measurement:8.1.0] AndroidManifest.xml:26:5-46:19
MERGED from [com.google.android.gms:play-services-basement:8.1.0] AndroidManifest.xml:20:5-24:19
MERGED from [com.android.support:support-v4:23.1.0] AndroidManifest.xml:22:5-20
MERGED from [com.google.android.gms:play-services-analytics:8.1.0] AndroidManifest.xml:24:5-20
MERGED from [com.google.android.gms:play-services-basement:8.1.0] AndroidManifest.xml:20:5-24:19
MERGED from [com.android.support:support-v4:23.1.0] AndroidManifest.xml:22:5-20
MERGED from [com.google.android.gms:play-services-ads:8.1.0] AndroidManifest.xml:24:5-32:19
MERGED from [com.google.android.gms:play-services-basement:8.1.0] AndroidManifest.xml:20:5-24:19
MERGED from [com.android.support:support-v4:23.1.0] AndroidManifest.xml:22:5-20
MERGED from [com.google.android.gms:play-services-appindexing:8.1.0] AndroidManifest.xml:19:5-20
MERGED from [com.google.android.gms:play-services-basement:8.1.0] AndroidManifest.xml:20:5-24:19
MERGED from [com.android.support:support-v4:23.1.0] AndroidManifest.xml:22:5-20
MERGED from [com.android.support:appcompat-v7:23.1.0] AndroidManifest.xml:22:5-20
MERGED from [com.android.support:support-v4:23.1.0] AndroidManifest.xml:22:5-20
MERGED from [com.android.support:design:23.1.0] AndroidManifest.xml:22:5-20
MERGED from [com.android.support:appcompat-v7:23.1.0] AndroidManifest.xml:22:5-20
MERGED from [com.android.support:support-v4:23.1.0] AndroidManifest.xml:22:5-20
MERGED from [com.android.support:support-v4:23.1.0] AndroidManifest.xml:22:5-20
MERGED from [com.android.support:support-v4:23.1.0] AndroidManifest.xml:22:5-20
	android:supportsRtl
		ADDED from src/main/AndroidManifest.xml:14:9-35
	android:label
		ADDED from src/main/AndroidManifest.xml:13:9-41
	android:allowBackup
		ADDED from src/main/AndroidManifest.xml:11:9-35
	android:icon
		ADDED from src/main/AndroidManifest.xml:12:9-43
	android:theme
		ADDED from src/main/AndroidManifest.xml:15:9-40
activity#com.hackathon.google.micro.LoginActivity
ADDED from src/main/AndroidManifest.xml:16:9-25:20
	android:label
		ADDED from src/main/AndroidManifest.xml:19:13-57
	android:theme
		ADDED from src/main/AndroidManifest.xml:18:13-71
	android:name
		ADDED from src/main/AndroidManifest.xml:17:13-42
intent-filter#android.intent.action.MAIN+android.intent.category.LAUNCHER
ADDED from src/main/AndroidManifest.xml:20:13-24:29
action#android.intent.action.MAIN
ADDED from src/main/AndroidManifest.xml:21:17-69
	android:name
		ADDED from src/main/AndroidManifest.xml:21:25-66
category#android.intent.category.LAUNCHER
ADDED from src/main/AndroidManifest.xml:23:17-77
	android:name
		ADDED from src/main/AndroidManifest.xml:23:27-74
activity#com.hackathon.google.micro.DonationActivity
ADDED from src/main/AndroidManifest.xml:26:9-34:20
	android:label
		ADDED from src/main/AndroidManifest.xml:28:13-56
	android:theme
		ADDED from src/main/AndroidManifest.xml:30:13-56
	android:parentActivityName
		ADDED from src/main/AndroidManifest.xml:29:13-56
	android:name
		ADDED from src/main/AndroidManifest.xml:27:13-45
meta-data#android.support.PARENT_ACTIVITY
ADDED from src/main/AndroidManifest.xml:31:13-33:76
	android:name
		ADDED from src/main/AndroidManifest.xml:32:17-63
	android:value
		ADDED from src/main/AndroidManifest.xml:33:17-73
activity#com.hackathon.google.micro.RedemptionActivity
ADDED from src/main/AndroidManifest.xml:35:9-39:20
	android:label
		ADDED from src/main/AndroidManifest.xml:37:13-62
	android:theme
		ADDED from src/main/AndroidManifest.xml:38:13-56
	android:name
		ADDED from src/main/AndroidManifest.xml:36:13-47
activity#com.hackathon.google.micro.ShelterActivity
ADDED from src/main/AndroidManifest.xml:40:9-44:20
	android:label
		ADDED from src/main/AndroidManifest.xml:42:13-59
	android:theme
		ADDED from src/main/AndroidManifest.xml:43:13-56
	android:name
		ADDED from src/main/AndroidManifest.xml:41:13-44
activity#com.hackathon.google.micro.EnterCodeActivity
ADDED from src/main/AndroidManifest.xml:45:9-51:20
	android:label
		ADDED from src/main/AndroidManifest.xml:46:13-46
	android:theme
		ADDED from src/main/AndroidManifest.xml:47:13-56
	android:name
		ADDED from src/main/AndroidManifest.xml:45:19-52
uses-sdk
INJECTED from src/main/AndroidManifest.xml reason: use-sdk injection requested
MERGED from [com.google.android.gms:play-services-measurement:8.1.0] AndroidManifest.xml:18:5-42
MERGED from [com.google.android.gms:play-services-base:8.1.0] AndroidManifest.xml:18:5-42
MERGED from [com.google.android.gms:play-services-basement:8.1.0] AndroidManifest.xml:18:5-42
MERGED from [com.android.support:support-v4:23.1.0] AndroidManifest.xml:20:5-43
MERGED from [com.google.android.gms:play-services-analytics:8.1.0] AndroidManifest.xml:18:5-42
MERGED from [com.google.android.gms:play-services-basement:8.1.0] AndroidManifest.xml:18:5-42
MERGED from [com.android.support:support-v4:23.1.0] AndroidManifest.xml:20:5-43
MERGED from [com.google.android.gms:play-services-ads:8.1.0] AndroidManifest.xml:23:5-42
MERGED from [com.google.android.gms:play-services-basement:8.1.0] AndroidManifest.xml:18:5-42
MERGED from [com.android.support:support-v4:23.1.0] AndroidManifest.xml:20:5-43
MERGED from [com.google.android.gms:play-services-appindexing:8.1.0] AndroidManifest.xml:18:5-42
MERGED from [com.google.android.gms:play-services-basement:8.1.0] AndroidManifest.xml:18:5-42
MERGED from [com.android.support:support-v4:23.1.0] AndroidManifest.xml:20:5-43
MERGED from [com.android.support:appcompat-v7:23.1.0] AndroidManifest.xml:20:5-43
MERGED from [com.android.support:support-v4:23.1.0] AndroidManifest.xml:20:5-43
MERGED from [com.android.support:design:23.1.0] AndroidManifest.xml:20:5-43
MERGED from [com.android.support:appcompat-v7:23.1.0] AndroidManifest.xml:20:5-43
MERGED from [com.android.support:support-v4:23.1.0] AndroidManifest.xml:20:5-43
MERGED from [com.android.support:recyclerview-v7:23.1.0] AndroidManifest.xml:20:5-43
MERGED from [com.android.support:support-v4:23.1.0] AndroidManifest.xml:20:5-43
MERGED from [com.android.support:support-v4:23.1.0] AndroidManifest.xml:20:5-43
	android:targetSdkVersion
		INJECTED from src/main/AndroidManifest.xml
		INJECTED from src/main/AndroidManifest.xml
	android:minSdkVersion
		INJECTED from src/main/AndroidManifest.xml
		INJECTED from src/main/AndroidManifest.xml
uses-permission#android.permission.INTERNET
ADDED from [com.google.android.gms:play-services-measurement:8.1.0] AndroidManifest.xml:21:5-67
MERGED from [com.google.android.gms:play-services-analytics:8.1.0] AndroidManifest.xml:21:5-67
MERGED from [com.google.android.gms:play-services-ads:8.1.0] AndroidManifest.xml:20:5-66
	android:name
		ADDED from [com.google.android.gms:play-services-measurement:8.1.0] AndroidManifest.xml:21:22-64
uses-permission#android.permission.ACCESS_NETWORK_STATE
ADDED from [com.google.android.gms:play-services-measurement:8.1.0] AndroidManifest.xml:22:5-79
MERGED from [com.google.android.gms:play-services-analytics:8.1.0] AndroidManifest.xml:22:5-79
MERGED from [com.google.android.gms:play-services-ads:8.1.0] AndroidManifest.xml:21:5-78
	android:name
		ADDED from [com.google.android.gms:play-services-measurement:8.1.0] AndroidManifest.xml:22:22-76
uses-permission#android.permission.WAKE_LOCK
ADDED from [com.google.android.gms:play-services-measurement:8.1.0] AndroidManifest.xml:24:5-67
	android:name
		ADDED from [com.google.android.gms:play-services-measurement:8.1.0] AndroidManifest.xml:24:22-65
provider#com.google.android.gms.measurement.AppMeasurementContentProvider
ADDED from [com.google.android.gms:play-services-measurement:8.1.0] AndroidManifest.xml:28:7-31:37
	android:exported
		ADDED from [com.google.android.gms:play-services-measurement:8.1.0] AndroidManifest.xml:31:11-35
	android:authorities
		ADDED from [com.google.android.gms:play-services-measurement:8.1.0] AndroidManifest.xml:29:11-76
	android:name
		ADDED from [com.google.android.gms:play-services-measurement:8.1.0] AndroidManifest.xml:30:11-90
receiver#com.google.android.gms.measurement.AppMeasurementReceiver
ADDED from [com.google.android.gms:play-services-measurement:8.1.0] AndroidManifest.xml:33:7-39:18
	android:enabled
		ADDED from [com.google.android.gms:play-services-measurement:8.1.0] AndroidManifest.xml:35:11-33
	android:name
		ADDED from [com.google.android.gms:play-services-measurement:8.1.0] AndroidManifest.xml:34:11-83
intent-filter#com.google.android.gms.measurement.UPLOAD
ADDED from [com.google.android.gms:play-services-measurement:8.1.0] AndroidManifest.xml:36:9-38:25
action#com.google.android.gms.measurement.UPLOAD
ADDED from [com.google.android.gms:play-services-measurement:8.1.0] AndroidManifest.xml:37:11-77
	android:name
		ADDED from [com.google.android.gms:play-services-measurement:8.1.0] AndroidManifest.xml:37:19-75
service#com.google.android.gms.measurement.AppMeasurementService
ADDED from [com.google.android.gms:play-services-measurement:8.1.0] AndroidManifest.xml:41:7-44:37
	android:exported
		ADDED from [com.google.android.gms:play-services-measurement:8.1.0] AndroidManifest.xml:44:11-35
	android:enabled
		ADDED from [com.google.android.gms:play-services-measurement:8.1.0] AndroidManifest.xml:43:11-33
	android:name
		ADDED from [com.google.android.gms:play-services-measurement:8.1.0] AndroidManifest.xml:42:11-82
meta-data#com.google.android.gms.version
ADDED from [com.google.android.gms:play-services-basement:8.1.0] AndroidManifest.xml:21:9-23:69
MERGED from [com.google.android.gms:play-services-basement:8.1.0] AndroidManifest.xml:21:9-23:69
MERGED from [com.google.android.gms:play-services-basement:8.1.0] AndroidManifest.xml:21:9-23:69
MERGED from [com.google.android.gms:play-services-basement:8.1.0] AndroidManifest.xml:21:9-23:69
	android:name
		ADDED from [com.google.android.gms:play-services-basement:8.1.0] AndroidManifest.xml:22:13-58
	android:value
		ADDED from [com.google.android.gms:play-services-basement:8.1.0] AndroidManifest.xml:23:13-66
activity#com.google.android.gms.ads.AdActivity
ADDED from [com.google.android.gms:play-services-ads:8.1.0] AndroidManifest.xml:26:9-29:64
	android:configChanges
		ADDED from [com.google.android.gms:play-services-ads:8.1.0] AndroidManifest.xml:28:13-122
	android:theme
		ADDED from [com.google.android.gms:play-services-ads:8.1.0] AndroidManifest.xml:29:13-61
	android:name
		ADDED from [com.google.android.gms:play-services-ads:8.1.0] AndroidManifest.xml:27:13-65
activity#com.google.android.gms.ads.purchase.InAppPurchaseActivity
ADDED from [com.google.android.gms:play-services-ads:8.1.0] AndroidManifest.xml:30:9-31:52
	android:theme
		ADDED from [com.google.android.gms:play-services-ads:8.1.0] AndroidManifest.xml:31:13-50
	android:name
		ADDED from [com.google.android.gms:play-services-ads:8.1.0] AndroidManifest.xml:30:19-91